<?xml version="1.0" encoding="UTF-8"?>
<testsuite name="p1.ek.bookstorev2.AppTest" tests="1" skipped="0" failures="0" errors="0" timestamp="2022-09-14T15:16:15" hostname="ek-inspiron" time="0.013">
  <properties/>
  <testcase name="appHasAGreeting()" classname="p1.ek.bookstorev2.AppTest" time="0.013"/>
  <system-out><![CDATA[]]></system-out>
  <system-err><![CDATA[]]></system-err>
</testsuite>
